<?xml version="1.0" encoding="UTF-8"?>
<testsuite xmlns:xsi="http://www.w3.org/2001/XMLSchema-instance" xsi:noNamespaceSchemaLocation="https://maven.apache.org/surefire/maven-surefire-plugin/xsd/surefire-test-report-3.0.xsd" version="3.0" name="ca.mcmaster.se2aa4.mazerunner.PathTest" time="0.417" tests="6" errors="0" skipped="0" failures="0">
  <properties>
    <property name="java.specification.version" value="21"/>
    <property name="sun.jnu.encoding" value="UTF-8"/>
    <property name="java.class.path" value="/Users/kevinkim/a3-maze-runner-take-two-kevinnkimm/target/test-classes:/Users/kevinkim/a3-maze-runner-take-two-kevinnkimm/target/classes:/Users/kevinkim/.m2/repository/commons-cli/commons-cli/1.6.0/commons-cli-1.6.0.jar:/Users/kevinkim/.m2/repository/org/apache/logging/log4j/log4j-api/2.22.1/log4j-api-2.22.1.jar:/Users/kevinkim/.m2/repository/org/apache/logging/log4j/log4j-core/2.22.1/log4j-core-2.22.1.jar:/Users/kevinkim/.m2/repository/org/junit/jupiter/junit-jupiter/5.10.1/junit-jupiter-5.10.1.jar:/Users/kevinkim/.m2/repository/org/junit/jupiter/junit-jupiter-api/5.10.1/junit-jupiter-api-5.10.1.jar:/Users/kevinkim/.m2/repository/org/opentest4j/opentest4j/1.3.0/opentest4j-1.3.0.jar:/Users/kevinkim/.m2/repository/org/junit/platform/junit-platform-commons/1.10.1/junit-platform-commons-1.10.1.jar:/Users/kevinkim/.m2/repository/org/apiguardian/apiguardian-api/1.1.2/apiguardian-api-1.1.2.jar:/Users/kevinkim/.m2/repository/org/junit/jupiter/junit-jupiter-params/5.10.1/junit-jupiter-params-5.10.1.jar:/Users/kevinkim/.m2/repository/org/junit/jupiter/junit-jupiter-engine/5.10.1/junit-jupiter-engine-5.10.1.jar:/Users/kevinkim/.m2/repository/org/junit/platform/junit-platform-engine/1.10.1/junit-platform-engine-1.10.1.jar:"/>
    <property name="java.vm.vendor" value="Homebrew"/>
    <property name="sun.arch.data.model" value="64"/>
    <property name="java.vendor.url" value="https://github.com/Homebrew/homebrew-core/issues"/>
    <property name="user.timezone" value="America/Toronto"/>
    <property name="os.name" value="Mac OS X"/>
    <property name="java.vm.specification.version" value="21"/>
    <property name="sun.java.launcher" value="SUN_STANDARD"/>
    <property name="user.country" value="CA"/>
    <property name="sun.boot.library.path" value="/opt/homebrew/Cellar/openjdk/21.0.2/libexec/openjdk.jdk/Contents/Home/lib"/>
    <property name="sun.java.command" value="/Users/kevinkim/a3-maze-runner-take-two-kevinnkimm/target/surefire/surefirebooter-20240404184239349_3.jar /Users/kevinkim/a3-maze-runner-take-two-kevinnkimm/target/surefire 2024-04-04T18-42-39_293-jvmRun1 surefire-20240404184239349_1tmp surefire_0-20240404184239349_2tmp"/>
    <property name="http.nonProxyHosts" value="local|*.local|169.254/16|*.169.254/16"/>
    <property name="jdk.debug" value="release"/>
    <property name="surefire.test.class.path" value="/Users/kevinkim/a3-maze-runner-take-two-kevinnkimm/target/test-classes:/Users/kevinkim/a3-maze-runner-take-two-kevinnkimm/target/classes:/Users/kevinkim/.m2/repository/commons-cli/commons-cli/1.6.0/commons-cli-1.6.0.jar:/Users/kevinkim/.m2/repository/org/apache/logging/log4j/log4j-api/2.22.1/log4j-api-2.22.1.jar:/Users/kevinkim/.m2/repository/org/apache/logging/log4j/log4j-core/2.22.1/log4j-core-2.22.1.jar:/Users/kevinkim/.m2/repository/org/junit/jupiter/junit-jupiter/5.10.1/junit-jupiter-5.10.1.jar:/Users/kevinkim/.m2/repository/org/junit/jupiter/junit-jupiter-api/5.10.1/junit-jupiter-api-5.10.1.jar:/Users/kevinkim/.m2/repository/org/opentest4j/opentest4j/1.3.0/opentest4j-1.3.0.jar:/Users/kevinkim/.m2/repository/org/junit/platform/junit-platform-commons/1.10.1/junit-platform-commons-1.10.1.jar:/Users/kevinkim/.m2/repository/org/apiguardian/apiguardian-api/1.1.2/apiguardian-api-1.1.2.jar:/Users/kevinkim/.m2/repository/org/junit/jupiter/junit-jupiter-params/5.10.1/junit-jupiter-params-5.10.1.jar:/Users/kevinkim/.m2/repository/org/junit/jupiter/junit-jupiter-engine/5.10.1/junit-jupiter-engine-5.10.1.jar:/Users/kevinkim/.m2/repository/org/junit/platform/junit-platform-engine/1.10.1/junit-platform-engine-1.10.1.jar:"/>
    <property name="sun.cpu.endian" value="little"/>
    <property name="user.home" value="/Users/kevinkim"/>
    <property name="user.language" value="en"/>
    <property name="java.specification.vendor" value="Oracle Corporation"/>
    <property name="java.version.date" value="2024-01-16"/>
    <property name="java.home" value="/opt/homebrew/Cellar/openjdk/21.0.2/libexec/openjdk.jdk/Contents/Home"/>
    <property name="file.separator" value="/"/>
    <property name="basedir" value="/Users/kevinkim/a3-maze-runner-take-two-kevinnkimm"/>
    <property name="java.vm.compressedOopsMode" value="Zero based"/>
    <property name="line.separator" value="&#10;"/>
    <property name="java.vm.specification.vendor" value="Oracle Corporation"/>
    <property name="java.specification.name" value="Java Platform API Specification"/>
    <property name="apple.awt.application.name" value="ForkedBooter"/>
    <property name="surefire.real.class.path" value="/Users/kevinkim/a3-maze-runner-take-two-kevinnkimm/target/surefire/surefirebooter-20240404184239349_3.jar"/>
    <property name="sun.management.compiler" value="HotSpot 64-Bit Tiered Compilers"/>
    <property name="ftp.nonProxyHosts" value="local|*.local|169.254/16|*.169.254/16"/>
    <property name="java.runtime.version" value="21.0.2"/>
    <property name="user.name" value="kevinkim"/>
    <property name="stdout.encoding" value="UTF-8"/>
    <property name="path.separator" value=":"/>
    <property name="os.version" value="14.2.1"/>
    <property name="java.runtime.name" value="OpenJDK Runtime Environment"/>
    <property name="file.encoding" value="UTF-8"/>
    <property name="java.vm.name" value="OpenJDK 64-Bit Server VM"/>
    <property name="java.vendor.version" value="Homebrew"/>
    <property name="localRepository" value="/Users/kevinkim/.m2/repository"/>
    <property name="java.vendor.url.bug" value="https://github.com/Homebrew/homebrew-core/issues"/>
    <property name="java.io.tmpdir" value="/var/folders/1n/gvq1hg1j1f715hjzy1_qb2jc0000gn/T/"/>
    <property name="java.version" value="21.0.2"/>
    <property name="user.dir" value="/Users/kevinkim/a3-maze-runner-take-two-kevinnkimm"/>
    <property name="os.arch" value="aarch64"/>
    <property name="java.vm.specification.name" value="Java Virtual Machine Specification"/>
    <property name="native.encoding" value="UTF-8"/>
    <property name="java.library.path" value="/Users/kevinkim/Library/Java/Extensions:/Library/Java/Extensions:/Network/Library/Java/Extensions:/System/Library/Java/Extensions:/usr/lib/java:."/>
    <property name="java.vm.info" value="mixed mode, sharing"/>
    <property name="stderr.encoding" value="UTF-8"/>
    <property name="java.vendor" value="Homebrew"/>
    <property name="java.vm.version" value="21.0.2"/>
    <property name="sun.io.unicode.encoding" value="UnicodeBig"/>
    <property name="socksNonProxyHosts" value="local|*.local|169.254/16|*.169.254/16"/>
    <property name="java.class.version" value="65.0"/>
  </properties>
  <testcase name="adjacencyListTest" classname="ca.mcmaster.se2aa4.mazerunner.PathTest" time="0.398">
    <system-out><![CDATA[0: []
1: [0, 4, 2]
2: []
3: [0, 6, 4]
4: []
5: [2, 4, 8]
6: []
7: [4, 6, 8]
8: []
]]></system-out>
  </testcase>
  <testcase name="queueTest" classname="ca.mcmaster.se2aa4.mazerunner.PathTest" time="0.001">
    <system-out><![CDATA[[Jackson, Darren, Chloe]
]]></system-out>
  </testcase>
  <testcase name="expandedPath" classname="ca.mcmaster.se2aa4.mazerunner.PathTest" time="0.002"/>
  <testcase name="getFactorizedForm" classname="ca.mcmaster.se2aa4.mazerunner.PathTest" time="0.001"/>
  <testcase name="getCanonicalForm" classname="ca.mcmaster.se2aa4.mazerunner.PathTest" time="0.001"/>
  <testcase name="expandedPath2" classname="ca.mcmaster.se2aa4.mazerunner.PathTest" time="0.0"/>
</testsuite>